<?xml version="1.0" encoding="UTF-8"?>
<testng-results ignored="0" total="10" passed="10" failed="0" skipped="0">
  <reporter-output>
  </reporter-output>
  <suite started-at="2024-06-20T20:31:01 IST" name="Default suite" finished-at="2024-06-20T20:31:01 IST" duration-ms="247">
    <groups>
      <group name="Regression testing">
        <method signature="Gropus.test_case_001()[pri:0, instance:testNG.Gropus@66f57048]" name="test_case_001" class="testNG.Gropus"/>
        <method signature="Gropus.test_case_002()[pri:0, instance:testNG.Gropus@66f57048]" name="test_case_002" class="testNG.Gropus"/>
        <method signature="Gropus.test_case_003()[pri:0, instance:testNG.Gropus@66f57048]" name="test_case_003" class="testNG.Gropus"/>
        <method signature="Gropus.test_case_004()[pri:0, instance:testNG.Gropus@66f57048]" name="test_case_004" class="testNG.Gropus"/>
        <method signature="Gropus.test_case_005()[pri:0, instance:testNG.Gropus@66f57048]" name="test_case_005" class="testNG.Gropus"/>
      </group> <!-- Regression testing -->
      <group name="sanity testing">
        <method signature="Gropus.test_case_0010()[pri:0, instance:testNG.Gropus@66f57048]" name="test_case_0010" class="testNG.Gropus"/>
        <method signature="Gropus.test_case_006()[pri:0, instance:testNG.Gropus@66f57048]" name="test_case_006" class="testNG.Gropus"/>
        <method signature="Gropus.test_case_007()[pri:0, instance:testNG.Gropus@66f57048]" name="test_case_007" class="testNG.Gropus"/>
        <method signature="Gropus.test_case_008()[pri:0, instance:testNG.Gropus@66f57048]" name="test_case_008" class="testNG.Gropus"/>
        <method signature="Gropus.test_case_009()[pri:0, instance:testNG.Gropus@66f57048]" name="test_case_009" class="testNG.Gropus"/>
      </group> <!-- sanity testing -->
    </groups>
    <test started-at="2024-06-20T20:31:01 IST" name="Default test" finished-at="2024-06-20T20:31:01 IST" duration-ms="247">
      <class name="testNG.Gropus">
        <test-method signature="test_case_001()[pri:0, instance:testNG.Gropus@66f57048]" started-at="2024-06-20T20:31:01 IST" name="test_case_001" finished-at="2024-06-20T20:31:01 IST" duration-ms="26" status="PASS">
          <reporter-output>
          </reporter-output>
        </test-method> <!-- test_case_001 -->
        <test-method signature="test_case_0010()[pri:0, instance:testNG.Gropus@66f57048]" started-at="2024-06-20T20:31:01 IST" name="test_case_0010" finished-at="2024-06-20T20:31:01 IST" duration-ms="2" status="PASS">
          <reporter-output>
          </reporter-output>
        </test-method> <!-- test_case_0010 -->
        <test-method signature="test_case_002()[pri:0, instance:testNG.Gropus@66f57048]" started-at="2024-06-20T20:31:01 IST" name="test_case_002" finished-at="2024-06-20T20:31:01 IST" duration-ms="5" status="PASS">
          <reporter-output>
          </reporter-output>
        </test-method> <!-- test_case_002 -->
        <test-method signature="test_case_003()[pri:0, instance:testNG.Gropus@66f57048]" started-at="2024-06-20T20:31:01 IST" name="test_case_003" finished-at="2024-06-20T20:31:01 IST" duration-ms="2" status="PASS">
          <reporter-output>
          </reporter-output>
        </test-method> <!-- test_case_003 -->
        <test-method signature="test_case_004()[pri:0, instance:testNG.Gropus@66f57048]" started-at="2024-06-20T20:31:01 IST" name="test_case_004" finished-at="2024-06-20T20:31:01 IST" duration-ms="4" status="PASS">
          <reporter-output>
          </reporter-output>
        </test-method> <!-- test_case_004 -->
        <test-method signature="test_case_005()[pri:0, instance:testNG.Gropus@66f57048]" started-at="2024-06-20T20:31:01 IST" name="test_case_005" finished-at="2024-06-20T20:31:01 IST" duration-ms="7" status="PASS">
          <reporter-output>
          </reporter-output>
        </test-method> <!-- test_case_005 -->
        <test-method signature="test_case_006()[pri:0, instance:testNG.Gropus@66f57048]" started-at="2024-06-20T20:31:01 IST" name="test_case_006" finished-at="2024-06-20T20:31:01 IST" duration-ms="5" status="PASS">
          <reporter-output>
          </reporter-output>
        </test-method> <!-- test_case_006 -->
        <test-method signature="test_case_007()[pri:0, instance:testNG.Gropus@66f57048]" started-at="2024-06-20T20:31:01 IST" name="test_case_007" finished-at="2024-06-20T20:31:01 IST" duration-ms="4" status="PASS">
          <reporter-output>
          </reporter-output>
        </test-method> <!-- test_case_007 -->
        <test-method signature="test_case_008()[pri:0, instance:testNG.Gropus@66f57048]" started-at="2024-06-20T20:31:01 IST" name="test_case_008" finished-at="2024-06-20T20:31:01 IST" duration-ms="3" status="PASS">
          <reporter-output>
          </reporter-output>
        </test-method> <!-- test_case_008 -->
        <test-method signature="test_case_009()[pri:0, instance:testNG.Gropus@66f57048]" started-at="2024-06-20T20:31:01 IST" name="test_case_009" finished-at="2024-06-20T20:31:01 IST" duration-ms="3" status="PASS">
          <reporter-output>
          </reporter-output>
        </test-method> <!-- test_case_009 -->
      </class> <!-- testNG.Gropus -->
    </test> <!-- Default test -->
  </suite> <!-- Default suite -->
</testng-results>
