<?xml version="1.0" encoding="UTF-8"?>
<!-- Generated by org.testng.reporters.JUnitXMLReporter -->
<testsuite ignored="0" hostname="DESKTOP-DJAPQ8P" failures="0" tests="10" name="Default test" time="0.247" errors="0" timestamp="2024-06-20T20:31:01 IST">
  <testcase classname="testNG.Gropus" name="test_case_001" time="0.026"/>
  <testcase classname="testNG.Gropus" name="test_case_0010" time="0.002"/>
  <testcase classname="testNG.Gropus" name="test_case_002" time="0.005"/>
  <testcase classname="testNG.Gropus" name="test_case_003" time="0.002"/>
  <testcase classname="testNG.Gropus" name="test_case_004" time="0.004"/>
  <testcase classname="testNG.Gropus" name="test_case_005" time="0.007"/>
  <testcase classname="testNG.Gropus" name="test_case_006" time="0.005"/>
  <testcase classname="testNG.Gropus" name="test_case_007" time="0.004"/>
  <testcase classname="testNG.Gropus" name="test_case_008" time="0.003"/>
  <testcase classname="testNG.Gropus" name="test_case_009" time="0.003"/>
</testsuite> <!-- Default test -->
